<?xml version="1.0" encoding="UTF-8"?>
<!-- Generated by org.testng.reporters.JUnitXMLReporter -->
<testsuite ignored="0" hostname="Vinay_CS" failures="0" tests="2" name="Test" time="0.061" errors="0" timestamp="2025-05-01T01:16:01 IST">
  <testcase classname="testBase.BaseClass" name="@BeforeClass Setup" time="-1.746042361512E9">
    <failure type="org.testng.TestNGException" message="
Parameter &amp;apos;os&amp;apos; is required by BeforeClass on method Setup but has not been marked @Optional or defined
in C:\Users\vinay\eclipse-workspace\OpenkartV121\Grouping.xml">
      <![CDATA[org.testng.TestNGException: 
Parameter 'os' is required by BeforeClass on method Setup but has not been marked @Optional or defined
in C:\Users\vinay\eclipse-workspace\OpenkartV121\Grouping.xml
at java.base/java.util.ArrayList.forEach(ArrayList.java:1597)
... Removed 22 stack frames]]>
    </failure>
  </testcase> <!-- @BeforeClass Setup -->
  <testcase classname="testBase.BaseClass" name="@AfterClass Teardown" time="0.0">
    <skipped/>
  </testcase> <!-- @AfterClass Teardown -->
  <testcase classname="testBase.BaseClass" name="@BeforeClass Setup" time="-1.746042361549E9">
    <failure type="org.testng.TestNGException" message="
Parameter &amp;apos;os&amp;apos; is required by BeforeClass on method Setup but has not been marked @Optional or defined
in C:\Users\vinay\eclipse-workspace\OpenkartV121\Grouping.xml">
      <![CDATA[org.testng.TestNGException: 
Parameter 'os' is required by BeforeClass on method Setup but has not been marked @Optional or defined
in C:\Users\vinay\eclipse-workspace\OpenkartV121\Grouping.xml
at java.base/java.util.ArrayList.forEach(ArrayList.java:1597)
... Removed 22 stack frames]]>
    </failure>
  </testcase> <!-- @BeforeClass Setup -->
  <testcase classname="testBase.BaseClass" name="@AfterClass Teardown" time="0.0">
    <skipped/>
  </testcase> <!-- @AfterClass Teardown -->
  <testcase classname="testCases.Tc_002_LoginTest" name="verify_login" time="0.0">
    <skipped/>
  </testcase> <!-- verify_login -->
  <testcase classname="testCases.Tc_001_AccountRegistrationPage" name="verify_account_regstration" time="0.0">
    <skipped/>
  </testcase> <!-- verify_account_regstration -->
</testsuite> <!-- Test -->
